<?xml version="1.0" encoding="UTF-8" ?>
<testsuite tests="55" failures="0" name="br.unioeste.jgoose.istarml.TelosTest" time="0.324" errors="0" skipped="5">
  <properties>
[...]
</properties>
  <testcase classname="br.unioeste.jgoose.istarml.TelosTest" name="countISA[0]" time="0.005"/>
  <testcase classname="br.unioeste.jgoose.istarml.TelosTest" name="countINS[0]" time="0"/>
  <testcase classname="br.unioeste.jgoose.istarml.TelosTest" name="countAllElements[0]" time="0">
    <skipped/>
  </testcase>
  <testcase classname="br.unioeste.jgoose.istarml.TelosTest" name="countActors[0]" time="0.002"/>
  <testcase classname="br.unioeste.jgoose.istarml.TelosTest" name="countAgents[0]" time="0.001"/>
  <testcase classname="br.unioeste.jgoose.istarml.TelosTest" name="countRoles[0]" time="0.002"/>
  <testcase classname="br.unioeste.jgoose.istarml.TelosTest" name="countOccupies[0]" time="0.002"/>
  <testcase classname="br.unioeste.jgoose.istarml.TelosTest" name="countIsPartOf[0]" time="0.001"/>
  <testcase classname="br.unioeste.jgoose.istarml.TelosTest" name="countCovers[0]" time="0.001"/>
  <testcase classname="br.unioeste.jgoose.istarml.TelosTest" name="countPosition[0]" time="0.001"/>
  <testcase classname="br.unioeste.jgoose.istarml.TelosTest" name="countPlays[0]" time="0.001"/>
  <testcase classname="br.unioeste.jgoose.istarml.TelosTest" name="countISA[1]" time="0.003"/>
  <testcase classname="br.unioeste.jgoose.istarml.TelosTest" name="countINS[1]" time="0.001"/>
  <testcase classname="br.unioeste.jgoose.istarml.TelosTest" name="countAllElements[1]" time="0.001">
    <skipped/>
  </testcase>
  <testcase classname="br.unioeste.jgoose.istarml.TelosTest" name="countActors[1]" time="0.001"/>
  <testcase classname="br.unioeste.jgoose.istarml.TelosTest" name="countAgents[1]" time="0.001"/>
  <testcase classname="br.unioeste.jgoose.istarml.TelosTest" name="countRoles[1]" time="0.002"/>
  <testcase classname="br.unioeste.jgoose.istarml.TelosTest" name="countOccupies[1]" time="0.002"/>
  <testcase classname="br.unioeste.jgoose.istarml.TelosTest" name="countIsPartOf[1]" time="0.001"/>
  <testcase classname="br.unioeste.jgoose.istarml.TelosTest" name="countCovers[1]" time="0.002"/>
  <testcase classname="br.unioeste.jgoose.istarml.TelosTest" name="countPosition[1]" time="0.002"/>
  <testcase classname="br.unioeste.jgoose.istarml.TelosTest" name="countPlays[1]" time="0.002"/>
  <testcase classname="br.unioeste.jgoose.istarml.TelosTest" name="countISA[2]" time="0.002"/>
  <testcase classname="br.unioeste.jgoose.istarml.TelosTest" name="countINS[2]" time="0.002"/>
  <testcase classname="br.unioeste.jgoose.istarml.TelosTest" name="countAllElements[2]" time="0.002">
    <skipped/>
  </testcase>
  <testcase classname="br.unioeste.jgoose.istarml.TelosTest" name="countActors[2]" time="0.001"/>
  <testcase classname="br.unioeste.jgoose.istarml.TelosTest" name="countAgents[2]" time="0.002"/>
  <testcase classname="br.unioeste.jgoose.istarml.TelosTest" name="countRoles[2]" time="0.001"/>
  <testcase classname="br.unioeste.jgoose.istarml.TelosTest" name="countOccupies[2]" time="0.001"/>
  <testcase classname="br.unioeste.jgoose.istarml.TelosTest" name="countIsPartOf[2]" time="0.002"/>
  <testcase classname="br.unioeste.jgoose.istarml.TelosTest" name="countCovers[2]" time="0.002"/>
  <testcase classname="br.unioeste.jgoose.istarml.TelosTest" name="countPosition[2]" time="0.002"/>
  <testcase classname="br.unioeste.jgoose.istarml.TelosTest" name="countPlays[2]" time="0.002"/>
  <testcase classname="br.unioeste.jgoose.istarml.TelosTest" name="countISA[3]" time="0.001"/>
  <testcase classname="br.unioeste.jgoose.istarml.TelosTest" name="countINS[3]" time="0.001"/>
  <testcase classname="br.unioeste.jgoose.istarml.TelosTest" name="countAllElements[3]" time="0.001">
    <skipped/>
  </testcase>
  <testcase classname="br.unioeste.jgoose.istarml.TelosTest" name="countActors[3]" time="0.002"/>
  <testcase classname="br.unioeste.jgoose.istarml.TelosTest" name="countAgents[3]" time="0.004"/>
  <testcase classname="br.unioeste.jgoose.istarml.TelosTest" name="countRoles[3]" time="0.001"/>
  <testcase classname="br.unioeste.jgoose.istarml.TelosTest" name="countOccupies[3]" time="0.001"/>
  <testcase classname="br.unioeste.jgoose.istarml.TelosTest" name="countIsPartOf[3]" time="0.001"/>
  <testcase classname="br.unioeste.jgoose.istarml.TelosTest" name="countCovers[3]" time="0.001"/>
  <testcase classname="br.unioeste.jgoose.istarml.TelosTest" name="countPosition[3]" time="0.001"/>
  <testcase classname="br.unioeste.jgoose.istarml.TelosTest" name="countPlays[3]" time="0.001"/>
  <testcase classname="br.unioeste.jgoose.istarml.TelosTest" name="countISA[4]" time="0"/>
  <testcase classname="br.unioeste.jgoose.istarml.TelosTest" name="countINS[4]" time="0.001"/>
  <testcase classname="br.unioeste.jgoose.istarml.TelosTest" name="countAllElements[4]" time="0.001">
    <skipped/>
  </testcase>
  <testcase classname="br.unioeste.jgoose.istarml.TelosTest" name="countActors[4]" time="0.002"/>
  <testcase classname="br.unioeste.jgoose.istarml.TelosTest" name="countAgents[4]" time="0.001"/>
  <testcase classname="br.unioeste.jgoose.istarml.TelosTest" name="countRoles[4]" time="0.002"/>
  <testcase classname="br.unioeste.jgoose.istarml.TelosTest" name="countOccupies[4]" time="0.001"/>
  <testcase classname="br.unioeste.jgoose.istarml.TelosTest" name="countIsPartOf[4]" time="0.002"/>
  <testcase classname="br.unioeste.jgoose.istarml.TelosTest" name="countCovers[4]" time="0.001"/>
  <testcase classname="br.unioeste.jgoose.istarml.TelosTest" name="countPosition[4]" time="0.001"/>
  <testcase classname="br.unioeste.jgoose.istarml.TelosTest" name="countPlays[4]" time="0.001"/>
</testsuite>